Arguments: 
  C:\Program Files\nodejs\node.exe C:\Users\Iberson\AppData\Roaming\npm\node_modules\yarn\bin\yarn.js add typescrypt -D

PATH: 
  C:\Program Files\Common Files\Oracle\Java\javapath;C:\Program Files\Python312\Scripts\;C:\Program Files\Python312\;C:\Program Files (x86)\VMware\VMware Workstation\bin\;C:\Windows;C:\Windows\System32\Wbem;C:\Windows\System32\WindowsPowerShell\v1.0\;C:\Windows\System32\OpenSSH\;C:\Program Files\Git\cmd;C:\Users\Iberson\AppData\Local\Programs\Python\Python311;C:\Users\Iberson\AppData\Local\Programs\Python\Python311\Scripts;C:\Windows\System32;C:\Users\Iberson\AppData\Roaming\nvm;C:\Program Files\nodejs;C:\Program Files\Docker\Docker\resources\bin;C:\composer;C:\Program Files\mongosh-2.0.0-win32-x64\bin;C:\Program Files\Amazon\AWSCLIV2\;C:\Program Files\OpenSSL-Win64\bin;C:\Users\Iberson\AppData\Roaming\Python\Python312\Scripts;C:\Program Files\nodejs\;C:\Program Files\Java\jdk-22\bin;C:\terraform;D:\calidad\sonar-scanner-cli-5.0.1.3006-windows\sonar-scanner-5.0.1.3006-windows\bin;C:\Users\Iberson\AppData\Local\Microsoft\WindowsApps;C:\MinGW\bin;C:\Program Files\JetBrains\IntelliJ IDEA Community Edition 2022.1.3\bin;C:\Users\Iberson\AppData\Local\Android\Sdk\platform-tools;C:\Program Files\Azure Data Studio\bin;C:\Users\Iberson\AppData\Local\Programs\Microsoft VS Code\bin;C:\Users\Iberson\AppData\Roaming\Composer\vendor\bin;C:\Users\Iberson\AppData\Roaming\npm

Yarn version: 
  1.22.19

Node version: 
  20.17.0

Platform: 
  win32 x64

Trace: 
  Error: https://registry.npmjs.org/typescrypt: Not found
      at params.callback [as _callback] (C:\Users\Iberson\AppData\Roaming\npm\node_modules\yarn\lib\cli.js:66145:18)
      at self.callback (C:\Users\Iberson\AppData\Roaming\npm\node_modules\yarn\lib\cli.js:140890:22)
      at Request.emit (node:events:519:28)
      at Request.<anonymous> (C:\Users\Iberson\AppData\Roaming\npm\node_modules\yarn\lib\cli.js:141862:10)
      at Request.emit (node:events:519:28)
      at IncomingMessage.<anonymous> (C:\Users\Iberson\AppData\Roaming\npm\node_modules\yarn\lib\cli.js:141784:12)
      at Object.onceWrapper (node:events:633:28)
      at IncomingMessage.emit (node:events:531:35)
      at endReadableNT (node:internal/streams/readable:1696:12)
      at process.processTicksAndRejections (node:internal/process/task_queues:82:21)

npm manifest: 
  {
    "name": "ts-grpc",
    "version": "1.0.0",
    "main": "index.js",
    "license": "MIT",
    "devDependencies": {
      "@types/google-protobuf": "^3.7.2",
      "grpc-tools": "^1.9.1",
      "grpc_tools_node_protoc_ts": "^4.1.2",
      "ts-node": "^8.10.2",
      "typescript": "^3.9.7"
    },
    "dependencies": {
      "grpc": "^1.24.3",
      "ts-grpc": "file:"
    },
    "scripts": {
      "build": "sh proto/build.sh",
      "server": "ts-node server/index.ts",
      "client": "ts-node client/index.ts"
    }
  }

yarn manifest: 
  No manifest

Lockfile: 
  No lockfile
